<?xml version="1.0" encoding="UTF-8"?>
<!-- Generated by org.testng.reporters.JUnitXMLReporter -->
<testsuite hostname="INGBTCPIC2DTMK7" name="Test" tests="18" failures="3" timestamp="26 Jul 2013 11:40:43 GMT" time="57.347" errors="0">
  <testcase name="loginTest" time="1.968" classname="com.TestNG.TestCases.LoginTest"/>
  <testcase name="loginTest" time="1.428" classname="com.TestNG.TestCases.LoginTest"/>
  <testcase name="loginTest" time="0.815" classname="com.TestNG.TestCases.LoginTest"/>
  <testcase name="loginTest" time="0.67" classname="com.TestNG.TestCases.LoginTest"/>
  <testcase name="loginTest" time="1.367" classname="com.TestNG.TestCases.LoginTest"/>
  <testcase name="loginTest" time="1.058" classname="com.TestNG.TestCases.LoginTest"/>
  <testcase name="loginTest" time="10.896" classname="com.TestNG.TestCases.LoginTest">
    <failure type="org.openqa.selenium.NoSuchElementException" message="Unable to locate element: {&amp;quot;method&amp;quot;:&amp;quot;xpath&amp;quot;,&amp;quot;selector&amp;quot;:&amp;quot;//tr/td[contains(text(),&amp;apos;Open Tasks&amp;apos;)]&amp;quot;}
Command duration or timeout: 5.06 seconds
For documentation on this error, please visit: http://seleniumhq.org/exceptions/no_such_element.html
Build info: version: &amp;apos;2.33.0&amp;apos;, revision: &amp;apos;4e90c97&amp;apos;, time: &amp;apos;2013-05-22 15:33:32&amp;apos;
System info: os.name: &amp;apos;Windows 7&amp;apos;, os.arch: &amp;apos;amd64&amp;apos;, os.version: &amp;apos;6.1&amp;apos;, java.version: &amp;apos;1.7.0_11&amp;apos;
Session ID: 49805ad6-da4e-457e-96e1-485f925e374f
Driver info: org.openqa.selenium.firefox.FirefoxDriver
Capabilities [{platform=XP, databaseEnabled=true, cssSelectorsEnabled=true, javascriptEnabled=true, acceptSslCerts=true, handlesAlerts=true, browserName=firefox, browserConnectionEnabled=true, nativeEvents=true, webStorageEnabled=true, rotatable=false, locationContextEnabled=true, applicationCacheEnabled=true, takesScreenshot=true, version=22.0}]">
      <![CDATA[org.openqa.selenium.NoSuchElementException: Unable to locate element: {"method":"xpath","selector":"//tr/td[contains(text(),'Open Tasks')]"}
Command duration or timeout: 5.06 seconds
For documentation on this error, please visit: http://seleniumhq.org/exceptions/no_such_element.html
Build info: version: '2.33.0', revision: '4e90c97', time: '2013-05-22 15:33:32'
System info: os.name: 'Windows 7', os.arch: 'amd64', os.version: '6.1', java.version: '1.7.0_11'
Session ID: 49805ad6-da4e-457e-96e1-485f925e374f
Driver info: org.openqa.selenium.firefox.FirefoxDriver
Capabilities [{platform=XP, databaseEnabled=true, cssSelectorsEnabled=true, javascriptEnabled=true, acceptSslCerts=true, handlesAlerts=true, browserName=firefox, browserConnectionEnabled=true, nativeEvents=true, webStorageEnabled=true, rotatable=false, locationContextEnabled=true, applicationCacheEnabled=true, takesScreenshot=true, version=22.0}]
	at org.openqa.selenium.remote.ErrorHandler.createThrowable(ErrorHandler.java:191)
	at org.openqa.selenium.remote.ErrorHandler.throwIfResponseFailed(ErrorHandler.java:145)
	at org.openqa.selenium.remote.RemoteWebDriver.execute(RemoteWebDriver.java:554)
	at org.openqa.selenium.remote.RemoteWebDriver.findElement(RemoteWebDriver.java:307)
	at org.openqa.selenium.remote.RemoteWebDriver.findElementByXPath(RemoteWebDriver.java:404)
	at org.openqa.selenium.By$ByXPath.findElement(By.java:344)
	at org.openqa.selenium.remote.RemoteWebDriver.findElement(RemoteWebDriver.java:299)
	at com.TestNG.TestCases.LoginTest.loginTest(LoginTest.java:18)
Caused by: org.openqa.selenium.remote.ErrorHandler$UnknownServerException: Unable to locate element: {"method":"xpath","selector":"//tr/td[contains(text(),'Open Tasks')]"}
Build info: version: '2.33.0', revision: '4e90c97', time: '2013-05-22 15:33:32'
System info: os.name: 'Windows 7', os.arch: 'amd64', os.version: '6.1', java.version: '1.7.0_11'
Driver info: driver.version: unknown
	at <anonymous class>.FirefoxDriver.prototype.findElementInternal_(file:///C:/Users/310047~1/AppData/Local/Temp/anonymous5236090952706739078webdriver-profile/extensions/fxdriver@googlecode.com/components/driver_component.js:8444)
	at <anonymous class>.fxdriver.Timer.prototype.setTimeout/<.notify(file:///C:/Users/310047~1/AppData/Local/Temp/anonymous5236090952706739078webdriver-profile/extensions/fxdriver@googlecode.com/components/driver_component.js:386)
... Removed 27 stack frames]]>
    </failure>
  </testcase> <!-- loginTest -->
  <testcase name="loginTest" time="11.274" classname="com.TestNG.TestCases.LoginTest">
    <failure type="org.openqa.selenium.NoSuchElementException" message="Unable to locate element: {&amp;quot;method&amp;quot;:&amp;quot;xpath&amp;quot;,&amp;quot;selector&amp;quot;:&amp;quot;//tr/td[contains(text(),&amp;apos;Open Tasks&amp;apos;)]&amp;quot;}
Command duration or timeout: 5.10 seconds
For documentation on this error, please visit: http://seleniumhq.org/exceptions/no_such_element.html
Build info: version: &amp;apos;2.33.0&amp;apos;, revision: &amp;apos;4e90c97&amp;apos;, time: &amp;apos;2013-05-22 15:33:32&amp;apos;
System info: os.name: &amp;apos;Windows 7&amp;apos;, os.arch: &amp;apos;amd64&amp;apos;, os.version: &amp;apos;6.1&amp;apos;, java.version: &amp;apos;1.7.0_11&amp;apos;
Session ID: 49805ad6-da4e-457e-96e1-485f925e374f
Driver info: org.openqa.selenium.firefox.FirefoxDriver
Capabilities [{platform=XP, databaseEnabled=true, cssSelectorsEnabled=true, javascriptEnabled=true, acceptSslCerts=true, handlesAlerts=true, browserName=firefox, browserConnectionEnabled=true, nativeEvents=true, webStorageEnabled=true, rotatable=false, locationContextEnabled=true, applicationCacheEnabled=true, takesScreenshot=true, version=22.0}]">
      <![CDATA[org.openqa.selenium.NoSuchElementException: Unable to locate element: {"method":"xpath","selector":"//tr/td[contains(text(),'Open Tasks')]"}
Command duration or timeout: 5.10 seconds
For documentation on this error, please visit: http://seleniumhq.org/exceptions/no_such_element.html
Build info: version: '2.33.0', revision: '4e90c97', time: '2013-05-22 15:33:32'
System info: os.name: 'Windows 7', os.arch: 'amd64', os.version: '6.1', java.version: '1.7.0_11'
Session ID: 49805ad6-da4e-457e-96e1-485f925e374f
Driver info: org.openqa.selenium.firefox.FirefoxDriver
Capabilities [{platform=XP, databaseEnabled=true, cssSelectorsEnabled=true, javascriptEnabled=true, acceptSslCerts=true, handlesAlerts=true, browserName=firefox, browserConnectionEnabled=true, nativeEvents=true, webStorageEnabled=true, rotatable=false, locationContextEnabled=true, applicationCacheEnabled=true, takesScreenshot=true, version=22.0}]
	at org.openqa.selenium.remote.ErrorHandler.createThrowable(ErrorHandler.java:191)
	at org.openqa.selenium.remote.ErrorHandler.throwIfResponseFailed(ErrorHandler.java:145)
	at org.openqa.selenium.remote.RemoteWebDriver.execute(RemoteWebDriver.java:554)
	at org.openqa.selenium.remote.RemoteWebDriver.findElement(RemoteWebDriver.java:307)
	at org.openqa.selenium.remote.RemoteWebDriver.findElementByXPath(RemoteWebDriver.java:404)
	at org.openqa.selenium.By$ByXPath.findElement(By.java:344)
	at org.openqa.selenium.remote.RemoteWebDriver.findElement(RemoteWebDriver.java:299)
	at com.TestNG.TestCases.LoginTest.loginTest(LoginTest.java:18)
Caused by: org.openqa.selenium.remote.ErrorHandler$UnknownServerException: Unable to locate element: {"method":"xpath","selector":"//tr/td[contains(text(),'Open Tasks')]"}
Build info: version: '2.33.0', revision: '4e90c97', time: '2013-05-22 15:33:32'
System info: os.name: 'Windows 7', os.arch: 'amd64', os.version: '6.1', java.version: '1.7.0_11'
Driver info: driver.version: unknown
	at <anonymous class>.FirefoxDriver.prototype.findElementInternal_(file:///C:/Users/310047~1/AppData/Local/Temp/anonymous5236090952706739078webdriver-profile/extensions/fxdriver@googlecode.com/components/driver_component.js:8444)
	at <anonymous class>.fxdriver.Timer.prototype.setTimeout/<.notify(file:///C:/Users/310047~1/AppData/Local/Temp/anonymous5236090952706739078webdriver-profile/extensions/fxdriver@googlecode.com/components/driver_component.js:386)
... Removed 27 stack frames]]>
    </failure>
  </testcase> <!-- loginTest -->
  <testcase name="loginTest" time="0.872" classname="com.TestNG.TestCases.LoginTest"/>
  <testcase name="loginTest" time="1.28" classname="com.TestNG.TestCases.LoginTest"/>
  <testcase name="loginTest" time="0.932" classname="com.TestNG.TestCases.LoginTest"/>
  <testcase name="loginTest" time="10.756" classname="com.TestNG.TestCases.LoginTest">
    <failure type="org.openqa.selenium.NoSuchElementException" message="Unable to locate element: {&amp;quot;method&amp;quot;:&amp;quot;xpath&amp;quot;,&amp;quot;selector&amp;quot;:&amp;quot;//tr/td[contains(text(),&amp;apos;Open Tasks&amp;apos;)]&amp;quot;}
Command duration or timeout: 5.05 seconds
For documentation on this error, please visit: http://seleniumhq.org/exceptions/no_such_element.html
Build info: version: &amp;apos;2.33.0&amp;apos;, revision: &amp;apos;4e90c97&amp;apos;, time: &amp;apos;2013-05-22 15:33:32&amp;apos;
System info: os.name: &amp;apos;Windows 7&amp;apos;, os.arch: &amp;apos;amd64&amp;apos;, os.version: &amp;apos;6.1&amp;apos;, java.version: &amp;apos;1.7.0_11&amp;apos;
Session ID: 49805ad6-da4e-457e-96e1-485f925e374f
Driver info: org.openqa.selenium.firefox.FirefoxDriver
Capabilities [{platform=XP, databaseEnabled=true, cssSelectorsEnabled=true, javascriptEnabled=true, acceptSslCerts=true, handlesAlerts=true, browserName=firefox, browserConnectionEnabled=true, nativeEvents=true, webStorageEnabled=true, rotatable=false, locationContextEnabled=true, applicationCacheEnabled=true, takesScreenshot=true, version=22.0}]">
      <![CDATA[org.openqa.selenium.NoSuchElementException: Unable to locate element: {"method":"xpath","selector":"//tr/td[contains(text(),'Open Tasks')]"}
Command duration or timeout: 5.05 seconds
For documentation on this error, please visit: http://seleniumhq.org/exceptions/no_such_element.html
Build info: version: '2.33.0', revision: '4e90c97', time: '2013-05-22 15:33:32'
System info: os.name: 'Windows 7', os.arch: 'amd64', os.version: '6.1', java.version: '1.7.0_11'
Session ID: 49805ad6-da4e-457e-96e1-485f925e374f
Driver info: org.openqa.selenium.firefox.FirefoxDriver
Capabilities [{platform=XP, databaseEnabled=true, cssSelectorsEnabled=true, javascriptEnabled=true, acceptSslCerts=true, handlesAlerts=true, browserName=firefox, browserConnectionEnabled=true, nativeEvents=true, webStorageEnabled=true, rotatable=false, locationContextEnabled=true, applicationCacheEnabled=true, takesScreenshot=true, version=22.0}]
	at org.openqa.selenium.remote.ErrorHandler.createThrowable(ErrorHandler.java:191)
	at org.openqa.selenium.remote.ErrorHandler.throwIfResponseFailed(ErrorHandler.java:145)
	at org.openqa.selenium.remote.RemoteWebDriver.execute(RemoteWebDriver.java:554)
	at org.openqa.selenium.remote.RemoteWebDriver.findElement(RemoteWebDriver.java:307)
	at org.openqa.selenium.remote.RemoteWebDriver.findElementByXPath(RemoteWebDriver.java:404)
	at org.openqa.selenium.By$ByXPath.findElement(By.java:344)
	at org.openqa.selenium.remote.RemoteWebDriver.findElement(RemoteWebDriver.java:299)
	at com.TestNG.TestCases.LoginTest.loginTest(LoginTest.java:18)
Caused by: org.openqa.selenium.remote.ErrorHandler$UnknownServerException: Unable to locate element: {"method":"xpath","selector":"//tr/td[contains(text(),'Open Tasks')]"}
Build info: version: '2.33.0', revision: '4e90c97', time: '2013-05-22 15:33:32'
System info: os.name: 'Windows 7', os.arch: 'amd64', os.version: '6.1', java.version: '1.7.0_11'
Driver info: driver.version: unknown
	at <anonymous class>.FirefoxDriver.prototype.findElementInternal_(file:///C:/Users/310047~1/AppData/Local/Temp/anonymous5236090952706739078webdriver-profile/extensions/fxdriver@googlecode.com/components/driver_component.js:8444)
	at <anonymous class>.fxdriver.Timer.prototype.setTimeout/<.notify(file:///C:/Users/310047~1/AppData/Local/Temp/anonymous5236090952706739078webdriver-profile/extensions/fxdriver@googlecode.com/components/driver_component.js:386)
... Removed 27 stack frames]]>
    </failure>
  </testcase> <!-- loginTest -->
  <testcase name="loginTest" time="0.952" classname="com.TestNG.TestCases.LoginTest"/>
  <testcase name="loginTest" time="0.625" classname="com.TestNG.TestCases.LoginTest"/>
  <testcase name="loginTest" time="0.638" classname="com.TestNG.TestCases.LoginTest"/>
  <testcase name="loginTest" time="0.626" classname="com.TestNG.TestCases.LoginTest"/>
  <testcase name="loginTest" time="0.601" classname="com.TestNG.TestCases.LoginTest"/>
  <testcase name="loginTest" time="0.595" classname="com.TestNG.TestCases.LoginTest"/>
</testsuite> <!-- Test -->
